# JRE version: OpenJDK Runtime Environment (7.0_75-b13) (build 1.7.0_75-b13)
# Java VM: OpenJDK 64-Bit Server VM (24.75-b04 mixed mode linux-amd64 compressed oops)
Heap
 PSYoungGen      total 185856K, used 57339K [0x000000065f500000, 0x000000066c380000, 0x0000000800000000)
  eden space 175104K, 32% used [0x000000065f500000,0x0000000662c9ed78,0x000000066a000000)
  from space 10752K, 3% used [0x000000066a000000,0x000000066a060000,0x000000066aa80000)
  to   space 10752K, 0% used [0x000000066b900000,0x000000066b900000,0x000000066c380000)
 ParOldGen       total 2355712K, used 2112050K [0x000000031e000000, 0x00000003adc80000, 0x000000065f500000)
  object space 2355712K, 89% used [0x000000031e000000,0x000000039ee8caa0,0x00000003adc80000)
 PSPermGen       total 21504K, used 4060K [0x0000000313a00000, 0x0000000314f00000, 0x000000031e000000)
  object space 21504K, 18% used [0x0000000313a00000,0x0000000313df72b0,0x0000000314f00000)
GC Heap History (10 events):
Event: 4.000 GC heap before
{Heap before GC invocations=23 (full 2):
 PSYoungGen      total 148480K, used 145969K [0x000000065f500000, 0x0000000669080000, 0x0000000800000000)
  eden space 138752K, 100% used [0x000000065f500000,0x0000000667c80000,0x0000000667c80000)
  from space 9728K, 74% used [0x0000000668680000,0x0000000668d8c518,0x0000000669000000)
  to   space 10240K, 0% used [0x0000000667c80000,0x0000000667c80000,0x0000000668680000)
 ParOldGen       total 2355712K, used 2112050K [0x000000031e000000, 0x00000003adc80000, 0x000000065f500000)
  object space 2355712K, 89% used [0x000000031e000000,0x000000039ee8caa0,0x00000003adc80000)
 PSPermGen       total 21504K, used 4040K [0x0000000313a00000, 0x0000000314f00000, 0x000000031e000000)
  object space 21504K, 18% used [0x0000000313a00000,0x0000000313df2308,0x0000000314f00000)
Event: 4.011 GC heap after
Heap after GC invocations=23 (full 2):
 PSYoungGen      total 148992K, used 8064K [0x000000065f500000, 0x000000066a500000, 0x0000000800000000)
  eden space 138752K, 0% used [0x000000065f500000,0x000000065f500000,0x0000000667c80000)
  from space 10240K, 78% used [0x0000000667c80000,0x0000000668460000,0x0000000668680000)
  to   space 11264K, 0% used [0x0000000669a00000,0x0000000669a00000,0x000000066a500000)
 ParOldGen       total 2355712K, used 2112050K [0x000000031e000000, 0x00000003adc80000, 0x000000065f500000)
  object space 2355712K, 89% used [0x000000031e000000,0x000000039ee8caa0,0x00000003adc80000)
 PSPermGen       total 21504K, used 4040K [0x0000000313a00000, 0x0000000314f00000, 0x000000031e000000)
  object space 21504K, 18% used [0x0000000313a00000,0x0000000313df2308,0x0000000314f00000)
}
Event: 4.136 GC heap before
{Heap before GC invocations=24 (full 2):
 PSYoungGen      total 148992K, used 146816K [0x000000065f500000, 0x000000066a500000, 0x0000000800000000)
  eden space 138752K, 100% used [0x000000065f500000,0x0000000667c80000,0x0000000667c80000)
  from space 10240K, 78% used [0x0000000667c80000,0x0000000668460000,0x0000000668680000)
  to   space 11264K, 0% used [0x0000000669a00000,0x0000000669a00000,0x000000066a500000)
 ParOldGen       total 2355712K, used 2112050K [0x000000031e000000, 0x00000003adc80000, 0x000000065f500000)
  object space 2355712K, 89% used [0x000000031e000000,0x000000039ee8caa0,0x00000003adc80000)
 PSPermGen       total 21504K, used 4041K [0x0000000313a00000, 0x0000000314f00000, 0x000000031e000000)
  object space 21504K, 18% used [0x0000000313a00000,0x0000000313df2570,0x0000000314f00000)
Event: 4.147 GC heap after
Heap after GC invocations=24 (full 2):
 PSYoungGen      total 166912K, used 192K [0x000000065f500000, 0x000000066a400000, 0x0000000800000000)
  eden space 156672K, 0% used [0x000000065f500000,0x000000065f500000,0x0000000668e00000)
  from space 10240K, 1% used [0x0000000669a00000,0x0000000669a30000,0x000000066a400000)
  to   space 11264K, 0% used [0x0000000668e00000,0x0000000668e00000,0x0000000669900000)
 ParOldGen       total 2355712K, used 2112050K [0x000000031e000000, 0x00000003adc80000, 0x000000065f500000)
  object space 2355712K, 89% used [0x000000031e000000,0x000000039ee8caa0,0x00000003adc80000)
 PSPermGen       total 21504K, used 4041K [0x0000000313a00000, 0x0000000314f00000, 0x000000031e000000)
  object space 21504K, 18% used [0x0000000313a00000,0x0000000313df2570,0x0000000314f00000)
}
Event: 4.286 GC heap before
{Heap before GC invocations=25 (full 2):
 PSYoungGen      total 166912K, used 156864K [0x000000065f500000, 0x000000066a400000, 0x0000000800000000)
  eden space 156672K, 100% used [0x000000065f500000,0x0000000668e00000,0x0000000668e00000)
  from space 10240K, 1% used [0x0000000669a00000,0x0000000669a30000,0x000000066a400000)
  to   space 11264K, 0% used [0x0000000668e00000,0x0000000668e00000,0x0000000669900000)
 ParOldGen       total 2355712K, used 2112050K [0x000000031e000000, 0x00000003adc80000, 0x000000065f500000)
  object space 2355712K, 89% used [0x000000031e000000,0x000000039ee8caa0,0x00000003adc80000)
 PSPermGen       total 21504K, used 4041K [0x0000000313a00000, 0x0000000314f00000, 0x000000031e000000)
  object space 21504K, 18% used [0x0000000313a00000,0x0000000313df2570,0x0000000314f00000)
Event: 4.296 GC heap after
Heap after GC invocations=25 (full 2):
 PSYoungGen      total 167936K, used 160K [0x000000065f500000, 0x000000066b700000, 0x0000000800000000)
  eden space 156672K, 0% used [0x000000065f500000,0x000000065f500000,0x0000000668e00000)
  from space 11264K, 1% used [0x0000000668e00000,0x0000000668e28000,0x0000000669900000)
  to   space 11264K, 0% used [0x000000066ac00000,0x000000066ac00000,0x000000066b700000)
 ParOldGen       total 2355712K, used 2112050K [0x000000031e000000, 0x00000003adc80000, 0x000000065f500000)
  object space 2355712K, 89% used [0x000000031e000000,0x000000039ee8caa0,0x00000003adc80000)
 PSPermGen       total 21504K, used 4041K [0x0000000313a00000, 0x0000000314f00000, 0x000000031e000000)
  object space 21504K, 18% used [0x0000000313a00000,0x0000000313df2570,0x0000000314f00000)
}
Event: 4.432 GC heap before
{Heap before GC invocations=26 (full 2):
 PSYoungGen      total 167936K, used 156832K [0x000000065f500000, 0x000000066b700000, 0x0000000800000000)
  eden space 156672K, 100% used [0x000000065f500000,0x0000000668e00000,0x0000000668e00000)
  from space 11264K, 1% used [0x0000000668e00000,0x0000000668e28000,0x0000000669900000)
  to   space 11264K, 0% used [0x000000066ac00000,0x000000066ac00000,0x000000066b700000)
 ParOldGen       total 2355712K, used 2112050K [0x000000031e000000, 0x00000003adc80000, 0x000000065f500000)
  object space 2355712K, 89% used [0x000000031e000000,0x000000039ee8caa0,0x00000003adc80000)
 PSPermGen       total 21504K, used 4041K [0x0000000313a00000, 0x0000000314f00000, 0x000000031e000000)
  object space 21504K, 18% used [0x0000000313a00000,0x0000000313df2570,0x0000000314f00000)
Event: 4.443 GC heap after
Heap after GC invocations=26 (full 2):
 PSYoungGen      total 184320K, used 832K [0x000000065f500000, 0x000000066b500000, 0x0000000800000000)
  eden space 175104K, 0% used [0x000000065f500000,0x000000065f500000,0x000000066a000000)
  from space 9216K, 9% used [0x000000066ac00000,0x000000066acd0000,0x000000066b500000)
  to   space 10752K, 0% used [0x000000066a000000,0x000000066a000000,0x000000066aa80000)
 ParOldGen       total 2355712K, used 2112050K [0x000000031e000000, 0x00000003adc80000, 0x000000065f500000)
  object space 2355712K, 89% used [0x000000031e000000,0x000000039ee8caa0,0x00000003adc80000)
 PSPermGen       total 21504K, used 4041K [0x0000000313a00000, 0x0000000314f00000, 0x000000031e000000)
  object space 21504K, 18% used [0x0000000313a00000,0x0000000313df2570,0x0000000314f00000)
}
Event: 4.596 GC heap before
{Heap before GC invocations=27 (full 2):
 PSYoungGen      total 184320K, used 175936K [0x000000065f500000, 0x000000066b500000, 0x0000000800000000)
  eden space 175104K, 100% used [0x000000065f500000,0x000000066a000000,0x000000066a000000)
  from space 9216K, 9% used [0x000000066ac00000,0x000000066acd0000,0x000000066b500000)
  to   space 10752K, 0% used [0x000000066a000000,0x000000066a000000,0x000000066aa80000)
 ParOldGen       total 2355712K, used 2112050K [0x000000031e000000, 0x00000003adc80000, 0x000000065f500000)
  object space 2355712K, 89% used [0x000000031e000000,0x000000039ee8caa0,0x00000003adc80000)
 PSPermGen       total 21504K, used 4041K [0x0000000313a00000, 0x0000000314f00000, 0x000000031e000000)
  object space 21504K, 18% used [0x0000000313a00000,0x0000000313df26e8,0x0000000314f00000)
Event: 4.607 GC heap after
Heap after GC invocations=27 (full 2):
 PSYoungGen      total 185856K, used 384K [0x000000065f500000, 0x000000066c380000, 0x0000000800000000)
  eden space 175104K, 0% used [0x000000065f500000,0x000000065f500000,0x000000066a000000)
  from space 10752K, 3% used [0x000000066a000000,0x000000066a060000,0x000000066aa80000)
  to   space 10752K, 0% used [0x000000066b900000,0x000000066b900000,0x000000066c380000)
 ParOldGen       total 2355712K, used 2112050K [0x000000031e000000, 0x00000003adc80000, 0x000000065f500000)
  object space 2355712K, 89% used [0x000000031e000000,0x000000039ee8caa0,0x00000003adc80000)
 PSPermGen       total 21504K, used 4041K [0x0000000313a00000, 0x0000000314f00000, 0x000000031e000000)
  object space 21504K, 18% used [0x0000000313a00000,0x0000000313df26e8,0x0000000314f00000)
}

