# JRE version: OpenJDK Runtime Environment (7.0_75-b13) (build 1.7.0_75-b13)
# Java VM: OpenJDK 64-Bit Server VM (24.75-b04 mixed mode linux-amd64 compressed oops)
Heap
 PSYoungGen      total 236032K, used 220073K [0x000000065f500000, 0x0000000670c00000, 0x0000000800000000)
  eden space 228352K, 95% used [0x000000065f500000,0x000000066caea6f0,0x000000066d400000)
  from space 7680K, 13% used [0x000000066d400000,0x000000066d500000,0x000000066db80000)
  to   space 7680K, 0% used [0x0000000670480000,0x0000000670480000,0x0000000670c00000)
 ParOldGen       total 2360320K, used 2106038K [0x000000031e000000, 0x00000003ae100000, 0x000000065f500000)
  object space 2360320K, 89% used [0x000000031e000000,0x000000039e8adac8,0x00000003ae100000)
 PSPermGen       total 21504K, used 4087K [0x0000000313a00000, 0x0000000314f00000, 0x000000031e000000)
  object space 21504K, 19% used [0x0000000313a00000,0x0000000313dfdc50,0x0000000314f00000)
GC Heap History (10 events):
Event: 9.832 GC heap before
{Heap before GC invocations=19 (full 2):
 PSYoungGen      total 163840K, used 163828K [0x000000065f500000, 0x0000000669f80000, 0x0000000800000000)
  eden space 156672K, 100% used [0x000000065f500000,0x0000000668e00000,0x0000000668e00000)
  from space 7168K, 99% used [0x0000000669680000,0x0000000669d7d158,0x0000000669d80000)
  to   space 8704K, 0% used [0x0000000668e00000,0x0000000668e00000,0x0000000669680000)
 ParOldGen       total 2360320K, used 2106038K [0x000000031e000000, 0x00000003ae100000, 0x000000065f500000)
  object space 2360320K, 89% used [0x000000031e000000,0x000000039e8adac8,0x00000003ae100000)
 PSPermGen       total 21504K, used 4068K [0x0000000313a00000, 0x0000000314f00000, 0x000000031e000000)
  object space 21504K, 18% used [0x0000000313a00000,0x0000000313df9190,0x0000000314f00000)
Event: 9.843 GC heap after
Heap after GC invocations=19 (full 2):
 PSYoungGen      total 165376K, used 3360K [0x000000065f500000, 0x000000066c200000, 0x0000000800000000)
  eden space 156672K, 0% used [0x000000065f500000,0x000000065f500000,0x0000000668e00000)
  from space 8704K, 38% used [0x0000000668e00000,0x0000000669148000,0x0000000669680000)
  to   space 8704K, 0% used [0x000000066b980000,0x000000066b980000,0x000000066c200000)
 ParOldGen       total 2360320K, used 2106038K [0x000000031e000000, 0x00000003ae100000, 0x000000065f500000)
  object space 2360320K, 89% used [0x000000031e000000,0x000000039e8adac8,0x00000003ae100000)
 PSPermGen       total 21504K, used 4068K [0x0000000313a00000, 0x0000000314f00000, 0x000000031e000000)
  object space 21504K, 18% used [0x0000000313a00000,0x0000000313df9190,0x0000000314f00000)
}
Event: 9.985 GC heap before
{Heap before GC invocations=20 (full 2):
 PSYoungGen      total 165376K, used 160032K [0x000000065f500000, 0x000000066c200000, 0x0000000800000000)
  eden space 156672K, 100% used [0x000000065f500000,0x0000000668e00000,0x0000000668e00000)
  from space 8704K, 38% used [0x0000000668e00000,0x0000000669148000,0x0000000669680000)
  to   space 8704K, 0% used [0x000000066b980000,0x000000066b980000,0x000000066c200000)
 ParOldGen       total 2360320K, used 2106038K [0x000000031e000000, 0x00000003ae100000, 0x000000065f500000)
  object space 2360320K, 89% used [0x000000031e000000,0x000000039e8adac8,0x00000003ae100000)
 PSPermGen       total 21504K, used 4068K [0x0000000313a00000, 0x0000000314f00000, 0x000000031e000000)
  object space 21504K, 18% used [0x0000000313a00000,0x0000000313df9190,0x0000000314f00000)
Event: 9.997 GC heap after
Heap after GC invocations=20 (full 2):
 PSYoungGen      total 198144K, used 4384K [0x000000065f500000, 0x000000066c000000, 0x0000000800000000)
  eden space 191488K, 0% used [0x000000065f500000,0x000000065f500000,0x000000066b000000)
  from space 6656K, 65% used [0x000000066b980000,0x000000066bdc8000,0x000000066c000000)
  to   space 8192K, 0% used [0x000000066b000000,0x000000066b000000,0x000000066b800000)
 ParOldGen       total 2360320K, used 2106038K [0x000000031e000000, 0x00000003ae100000, 0x000000065f500000)
  object space 2360320K, 89% used [0x000000031e000000,0x000000039e8adac8,0x00000003ae100000)
 PSPermGen       total 21504K, used 4068K [0x0000000313a00000, 0x0000000314f00000, 0x000000031e000000)
  object space 21504K, 18% used [0x0000000313a00000,0x0000000313df9190,0x0000000314f00000)
}
Event: 10.175 GC heap before
{Heap before GC invocations=21 (full 2):
 PSYoungGen      total 198144K, used 195872K [0x000000065f500000, 0x000000066c000000, 0x0000000800000000)
  eden space 191488K, 100% used [0x000000065f500000,0x000000066b000000,0x000000066b000000)
  from space 6656K, 65% used [0x000000066b980000,0x000000066bdc8000,0x000000066c000000)
  to   space 8192K, 0% used [0x000000066b000000,0x000000066b000000,0x000000066b800000)
 ParOldGen       total 2360320K, used 2106038K [0x000000031e000000, 0x00000003ae100000, 0x000000065f500000)
  object space 2360320K, 89% used [0x000000031e000000,0x000000039e8adac8,0x00000003ae100000)
 PSPermGen       total 21504K, used 4068K [0x0000000313a00000, 0x0000000314f00000, 0x000000031e000000)
  object space 21504K, 18% used [0x0000000313a00000,0x0000000313df9190,0x0000000314f00000)
Event: 10.184 GC heap after
Heap after GC invocations=21 (full 2):
 PSYoungGen      total 199680K, used 1792K [0x000000065f500000, 0x000000066e680000, 0x0000000800000000)
  eden space 191488K, 0% used [0x000000065f500000,0x000000065f500000,0x000000066b000000)
  from space 8192K, 21% used [0x000000066b000000,0x000000066b1c0000,0x000000066b800000)
  to   space 8192K, 0% used [0x000000066de80000,0x000000066de80000,0x000000066e680000)
 ParOldGen       total 2360320K, used 2106038K [0x000000031e000000, 0x00000003ae100000, 0x000000065f500000)
  object space 2360320K, 89% used [0x000000031e000000,0x000000039e8adac8,0x00000003ae100000)
 PSPermGen       total 21504K, used 4068K [0x0000000313a00000, 0x0000000314f00000, 0x000000031e000000)
  object space 21504K, 18% used [0x0000000313a00000,0x0000000313df9190,0x0000000314f00000)
}
Event: 10.355 GC heap before
{Heap before GC invocations=22 (full 2):
 PSYoungGen      total 199680K, used 193280K [0x000000065f500000, 0x000000066e680000, 0x0000000800000000)
  eden space 191488K, 100% used [0x000000065f500000,0x000000066b000000,0x000000066b000000)
  from space 8192K, 21% used [0x000000066b000000,0x000000066b1c0000,0x000000066b800000)
  to   space 8192K, 0% used [0x000000066de80000,0x000000066de80000,0x000000066e680000)
 ParOldGen       total 2360320K, used 2106038K [0x000000031e000000, 0x00000003ae100000, 0x000000065f500000)
  object space 2360320K, 89% used [0x000000031e000000,0x000000039e8adac8,0x00000003ae100000)
 PSPermGen       total 21504K, used 4068K [0x0000000313a00000, 0x0000000314f00000, 0x000000031e000000)
  object space 21504K, 18% used [0x0000000313a00000,0x0000000313df9270,0x0000000314f00000)
Event: 10.363 GC heap after
Heap after GC invocations=22 (full 2):
 PSYoungGen      total 232960K, used 2688K [0x000000065f500000, 0x000000066e300000, 0x0000000800000000)
  eden space 228352K, 0% used [0x000000065f500000,0x000000065f500000,0x000000066d400000)
  from space 4608K, 58% used [0x000000066de80000,0x000000066e120000,0x000000066e300000)
  to   space 7680K, 0% used [0x000000066d400000,0x000000066d400000,0x000000066db80000)
 ParOldGen       total 2360320K, used 2106038K [0x000000031e000000, 0x00000003ae100000, 0x000000065f500000)
  object space 2360320K, 89% used [0x000000031e000000,0x000000039e8adac8,0x00000003ae100000)
 PSPermGen       total 21504K, used 4068K [0x0000000313a00000, 0x0000000314f00000, 0x000000031e000000)
  object space 21504K, 18% used [0x0000000313a00000,0x0000000313df9270,0x0000000314f00000)
}
Event: 10.574 GC heap before
{Heap before GC invocations=23 (full 2):
 PSYoungGen      total 232960K, used 231040K [0x000000065f500000, 0x000000066e300000, 0x0000000800000000)
  eden space 228352K, 100% used [0x000000065f500000,0x000000066d400000,0x000000066d400000)
  from space 4608K, 58% used [0x000000066de80000,0x000000066e120000,0x000000066e300000)
  to   space 7680K, 0% used [0x000000066d400000,0x000000066d400000,0x000000066db80000)
 ParOldGen       total 2360320K, used 2106038K [0x000000031e000000, 0x00000003ae100000, 0x000000065f500000)
  object space 2360320K, 89% used [0x000000031e000000,0x000000039e8adac8,0x00000003ae100000)
 PSPermGen       total 21504K, used 4068K [0x0000000313a00000, 0x0000000314f00000, 0x000000031e000000)
  object space 21504K, 18% used [0x0000000313a00000,0x0000000313df9270,0x0000000314f00000)
Event: 10.585 GC heap after
Heap after GC invocations=23 (full 2):
 PSYoungGen      total 236032K, used 1024K [0x000000065f500000, 0x0000000670c00000, 0x0000000800000000)
  eden space 228352K, 0% used [0x000000065f500000,0x000000065f500000,0x000000066d400000)
  from space 7680K, 13% used [0x000000066d400000,0x000000066d500000,0x000000066db80000)
  to   space 7680K, 0% used [0x0000000670480000,0x0000000670480000,0x0000000670c00000)
 ParOldGen       total 2360320K, used 2106038K [0x000000031e000000, 0x00000003ae100000, 0x000000065f500000)
  object space 2360320K, 89% used [0x000000031e000000,0x000000039e8adac8,0x00000003ae100000)
 PSPermGen       total 21504K, used 4068K [0x0000000313a00000, 0x0000000314f00000, 0x000000031e000000)
  object space 21504K, 18% used [0x0000000313a00000,0x0000000313df9270,0x0000000314f00000)
}

